
Modem /org/freedesktop/ModemManager1/Modem/0:
  GetStatus:
  Properties:
    Sim: /
    SupportedCapabilities: 12
    CurrentCapabilities: 12
    MaxBearers: 1
    MaxActiveBearers: 1
    Manufacturer: Fibocom
    Model: MBIM [2CB7:0007]
    Revision: 18500.5001.00.01.15.56
    HardwareRevision: XG736ES21S5E20NAMAV2DEFA175022
    DeviceIdentifier: 57985fb7ac5b733f2308b7cbb085ca82b6f08106
    Device: /sys/devices/pci0000:00/0000:00:15.0/usb2/2-2
    Drivers: cdc_acm, cdc_mbim
    Plugin: Generic
    PrimaryPort: cdc-wdm0
    Ports: cdc-wdm0, 7, wwan0, 2, ttyACM1, 1, ttyACM2, 1, ttyACM0, 1
    EquipmentIdentifier: 863212030121245
    UnlockRequired: 0
    State: -1
    StateFailedReason: 2
    AccessTechnologies: 0
    SignalQuality: 0, false
    PowerState: 3
    SupportedModes: 12, 0
    CurrentModes: 4294967295, 0
    SupportedBands: 0
    CurrentBands: 0
    SupportedIpFamilies: 7
  3GPP:
  CDMA:
